2024-12-04 15:02:39,423 [INFO] Activator:176 - 


2024-12-04 15:02:39,423 [INFO] Activator:177 - !SESSION log4j initialized
2024-12-04 15:02:41,093 [INFO] LogOutputStream:77 - [STDOUT_REDIRECT] 
2024-12-04 15:02:42,172 [INFO] ApplicationProperties:184 - Using Application install path: C:\ST\STM32CubeIDE_1.16.1\STM32CubeIDE\plugins\com.st.stm32cube.common.mx_6.13.0.202411220809
2024-12-04 15:02:42,183 [INFO] DbMcusXml:78 - Set database path to: C:\ST\STM32CubeIDE_1.16.1\STM32CubeIDE\plugins\com.st.stm32cube.common.mx_6.13.0.202411220809\\db\/mcu/
2024-12-04 15:02:42,183 [INFO] ApiDb:274 - Set plugin database path to: C:\ST\STM32CubeIDE_1.16.1\STM32CubeIDE\plugins\com.st.stm32cube.common.mx_6.13.0.202411220809\\db\/plugins/boardmanager/
2024-12-04 15:02:42,185 [WARN] ApiDb:259 - Overriding images path with different value:  => C:\ST\STM32CubeIDE_1.16.1\STM32CubeIDE\plugins\com.st.stm32cube.common.mx_6.13.0.202411220809\\db\/plugins/mcufinder/images/
2024-12-04 15:02:42,189 [INFO] ApiDb:250 - Set database path to: C:\Users\user\.stmcufinder\plugins\mcufinder//mcu/
2024-12-04 15:02:42,190 [INFO] DbMcusAds:125 - Set database path to: C:\Users\user\.stmcufinder\plugins\mcufinder//mcu/
2024-12-04 15:02:42,191 [INFO] CrossReferenceDbSqlite:203 - Set database path to: C:\Users\user\.stmcufinder\plugins\mcufinder//mcu/cs/
2024-12-04 15:02:42,267 [INFO] RulesReader:64 - Compatibility file has been processed (297 Rules)
2024-12-04 15:02:42,323 [INFO] DbMcusXml:78 - Set database path to: C:\ST\STM32CubeIDE_1.16.1\STM32CubeIDE\plugins\com.st.stm32cube.common.mx_6.13.0.202411220809\\db\/mcu/
2024-12-04 15:02:42,323 [INFO] ApiDb:274 - Set plugin database path to: C:\ST\STM32CubeIDE_1.16.1\STM32CubeIDE\plugins\com.st.stm32cube.common.mx_6.13.0.202411220809\\db\/plugins/boardmanager/
2024-12-04 15:02:42,323 [INFO] ApiDb:261 - Set plugin images path to: C:\ST\STM32CubeIDE_1.16.1\STM32CubeIDE\plugins\com.st.stm32cube.common.mx_6.13.0.202411220809\\db\/plugins/mcufinder/images/
2024-12-04 15:02:42,323 [WARN] DbFile:41 - Overriding database path with different value: C:\Users\user\.stmcufinder\plugins\mcufinder/ => C:\Users\user\.stmcufinder\plugins\mcufinder
2024-12-04 15:02:42,323 [INFO] ApiDb:250 - Set database path to: C:\Users\user\.stmcufinder\plugins\mcufinder//mcu/
2024-12-04 15:02:42,323 [WARN] DbFile:41 - Overriding database path with different value: C:\Users\user\.stmcufinder\plugins\mcufinder/ => C:\Users\user\.stmcufinder\plugins\mcufinder
2024-12-04 15:02:42,323 [INFO] DbMcusAds:125 - Set database path to: C:\Users\user\.stmcufinder\plugins\mcufinder//mcu/
2024-12-04 15:02:42,323 [WARN] DbFile:41 - Overriding database path with different value: C:\Users\user\.stmcufinder\plugins\mcufinder/ => C:\Users\user\.stmcufinder\plugins\mcufinder
2024-12-04 15:02:42,323 [WARN] DbFile:41 - Overriding database path with different value: C:\Users\user\.stmcufinder\plugins\mcufinder/ => C:\Users\user\.stmcufinder\plugins\mcufinder
2024-12-04 15:02:42,324 [INFO] CrossReferenceDbSqlite:203 - Set database path to: C:\Users\user\.stmcufinder\plugins\mcufinder//mcu/cs/
2024-12-04 15:02:42,357 [INFO] MainPanel:272 - HeapMemory: 268435456
2024-12-04 15:02:42,399 [INFO] DbMcusXml:78 - Set database path to: C:\ST\STM32CubeIDE_1.16.1\STM32CubeIDE\plugins\com.st.stm32cube.common.mx_6.13.0.202411220809\\db\/mcu/
2024-12-04 15:02:42,399 [INFO] ApiDb:274 - Set plugin database path to: C:\ST\STM32CubeIDE_1.16.1\STM32CubeIDE\plugins\com.st.stm32cube.common.mx_6.13.0.202411220809\\db\/plugins/boardmanager/
2024-12-04 15:02:42,399 [INFO] ApiDb:261 - Set plugin images path to: C:\ST\STM32CubeIDE_1.16.1\STM32CubeIDE\plugins\com.st.stm32cube.common.mx_6.13.0.202411220809\\db\/plugins/mcufinder/images/
2024-12-04 15:02:42,399 [WARN] DbFile:41 - Overriding database path with different value: C:\Users\user\.stmcufinder\plugins\mcufinder/ => C:\Users\user\.stmcufinder\plugins\mcufinder
2024-12-04 15:02:42,399 [INFO] ApiDb:250 - Set database path to: C:\Users\user\.stmcufinder\plugins\mcufinder//mcu/
2024-12-04 15:02:42,399 [WARN] DbFile:41 - Overriding database path with different value: C:\Users\user\.stmcufinder\plugins\mcufinder/ => C:\Users\user\.stmcufinder\plugins\mcufinder
2024-12-04 15:02:42,399 [INFO] DbMcusAds:125 - Set database path to: C:\Users\user\.stmcufinder\plugins\mcufinder//mcu/
2024-12-04 15:02:42,399 [WARN] DbFile:41 - Overriding database path with different value: C:\Users\user\.stmcufinder\plugins\mcufinder/ => C:\Users\user\.stmcufinder\plugins\mcufinder
2024-12-04 15:02:42,399 [WARN] DbFile:41 - Overriding database path with different value: C:\Users\user\.stmcufinder\plugins\mcufinder/ => C:\Users\user\.stmcufinder\plugins\mcufinder
2024-12-04 15:02:42,399 [INFO] CrossReferenceDbSqlite:203 - Set database path to: C:\Users\user\.stmcufinder\plugins\mcufinder//mcu/cs/
2024-12-04 15:02:42,409 [INFO] ApplicationProperties:184 - Using Application install path: C:\ST\STM32CubeIDE_1.16.1\STM32CubeIDE\plugins\com.st.stm32cube.common.mx_6.13.0.202411220809
2024-12-04 15:02:42,410 [INFO] PluginManage:196 - Search for loadable plugins [exclusion list=, ]
2024-12-04 15:02:42,410 [INFO] PluginManage:310 - Check plugin analytics
2024-12-04 15:02:42,530 [INFO] AnalyticsPlugin:253 - Accepted Software Licenses: STM32CubeMX.6.12.1,STM32CubeMX.6.12.0
2024-12-04 15:02:42,530 [INFO] AnalyticsPlugin:255 - Accepted CMSIS Pack Licenses: 
2024-12-04 15:02:42,531 [INFO] AnalyticsPlugin:257 - Accepted Firmware Licenses: FW.F4.1.28.0,FW.G4.1.6.0,FW.G4.1.5.0
2024-12-04 15:02:42,533 [INFO] PluginManage:359 - Loaded plugin analytics (category:tool,tabindex:-1)
2024-12-04 15:02:42,534 [INFO] PluginManage:310 - Check plugin cadmodel
2024-12-04 15:02:42,538 [INFO] CADModel:105 - Init CAD model plugin
2024-12-04 15:02:42,538 [INFO] PluginManage:359 - Loaded plugin cadmodel (category:power,tabindex:5)
2024-12-04 15:02:42,538 [INFO] PluginManage:310 - Check plugin clock
2024-12-04 15:02:42,546 [INFO] PluginManage:359 - Loaded plugin clock (category:base,tabindex:2)
2024-12-04 15:02:42,546 [INFO] PluginManage:310 - Check plugin ddr
2024-12-04 15:02:42,549 [INFO] PluginManage:359 - Loaded plugin ddr (category:tool,tabindex:6)
2024-12-04 15:02:42,549 [INFO] PluginManage:310 - Check plugin filemanager
2024-12-04 15:02:42,658 [INFO] PluginManage:359 - Loaded plugin filemanager (category:base,tabindex:10)
2024-12-04 15:02:42,658 [INFO] PluginManage:310 - Check plugin ipmanager
2024-12-04 15:02:42,662 [INFO] PluginManage:359 - Loaded plugin ipmanager (category:base,tabindex:5)
2024-12-04 15:02:42,662 [INFO] PluginManage:310 - Check plugin lpbam
2024-12-04 15:02:42,666 [INFO] PluginManage:359 - Loaded plugin lpbam (category:base,tabindex:0)
2024-12-04 15:02:42,666 [INFO] PluginManage:310 - Check plugin memorymap
2024-12-04 15:02:42,671 [INFO] PluginManage:359 - Loaded plugin memorymap (category:base,tabindex:4)
2024-12-04 15:02:42,671 [INFO] PluginManage:310 - Check plugin pinoutandconfiguration
2024-12-04 15:02:42,674 [INFO] PluginManage:359 - Loaded plugin pinoutandconfiguration (category:base,tabindex:1)
2024-12-04 15:02:42,674 [INFO] PluginManage:310 - Check plugin pinoutconfig
2024-12-04 15:02:42,716 [WARN] SupportedApi:132 - Cannot load RTOS API schema: s4s-elt-must-match.1: The content of 'definitions' must match (annotation?, (simpleType | complexType)?, (unique | key | keyref)*)). A problem was found starting at: attribute.
2024-12-04 15:02:42,789 [INFO] PluginManage:359 - Loaded plugin pinoutconfig (category:base,tabindex:0)
2024-12-04 15:02:42,789 [INFO] PluginManage:310 - Check plugin power
2024-12-04 15:02:42,796 [INFO] PluginManage:359 - Loaded plugin power (category:power,tabindex:4)
2024-12-04 15:02:42,796 [INFO] PluginManage:310 - Check plugin projectmanager
2024-12-04 15:02:42,804 [INFO] PluginManage:359 - Loaded plugin projectmanager (category:projectmanager,tabindex:4)
2024-12-04 15:02:42,804 [INFO] PluginManage:310 - Check plugin rif
2024-12-04 15:02:42,807 [INFO] PluginManage:359 - Loaded plugin rif (category:base,tabindex:3)
2024-12-04 15:02:42,807 [INFO] PluginManage:310 - Check plugin thirdparty
2024-12-04 15:02:42,873 [INFO] PluginManage:359 - Loaded plugin thirdparty (category:base,tabindex:-1)
2024-12-04 15:02:42,873 [WARN] IntegrityCheckThread:84 - waiting for thirdparty lock release [integrity check]
2024-12-04 15:02:42,874 [INFO] IntegrityCheckThread:86 - entering critical section [integrity check]
2024-12-04 15:02:42,874 [INFO] PluginManage:310 - Check plugin tools
2024-12-04 15:02:42,874 [INFO] ThirdPartyUpdaterWithRetryManager:70 - Updater plugin not ready yet. [1/15]
2024-12-04 15:02:42,876 [INFO] PluginManage:359 - Loaded plugin tools (category:base,tabindex:7)
2024-12-04 15:02:42,876 [INFO] PluginManage:310 - Check plugin tutovideos
2024-12-04 15:02:42,948 [INFO] PluginManage:359 - Loaded plugin tutovideos (category:base,tabindex:-1)
2024-12-04 15:02:42,948 [INFO] PluginManage:310 - Check plugin updater
2024-12-04 15:02:42,958 [INFO] PluginManage:359 - Loaded plugin updater (category:base,tabindex:12)
2024-12-04 15:02:42,959 [INFO] PluginManage:310 - Check plugin userauth
2024-12-04 15:02:42,960 [INFO] UserAuth:118 - Init User Auth plugin
2024-12-04 15:02:42,961 [INFO] PluginManage:359 - Loaded plugin userauth (category:base,tabindex:14)
2024-12-04 15:02:42,961 [INFO] PluginManage:283 - PluginManage : Loaded plugins [18]
2024-12-04 15:02:43,057 [INFO] PinOutPanel:1589 - setPackage(No Configuration,No Configuration)
2024-12-04 15:02:43,097 [INFO] CADModel:165 - CPN selected for project level
2024-12-04 15:02:43,097 [INFO] CADModel:114 - Register for checkConnection events
2024-12-04 15:02:43,105 [INFO] IPUIPlugin:80 - create IPUIPlugin
2024-12-04 15:02:43,105 [INFO] PluginManager:220 - loadIPPluginJar : add adc
2024-12-04 15:02:43,107 [INFO] IPUIPlugin:80 - create IPUIPlugin
2024-12-04 15:02:43,107 [INFO] PluginManager:220 - loadIPPluginJar : add aes
2024-12-04 15:02:43,108 [INFO] IPUIPlugin:80 - create IPUIPlugin
2024-12-04 15:02:43,108 [INFO] PluginManager:220 - loadIPPluginJar : add can
2024-12-04 15:02:43,109 [INFO] IPUIPlugin:80 - create IPUIPlugin
2024-12-04 15:02:43,109 [INFO] PluginManager:220 - loadIPPluginJar : add comp
2024-12-04 15:02:43,110 [INFO] IPUIPlugin:80 - create IPUIPlugin
2024-12-04 15:02:43,110 [INFO] PluginManager:220 - loadIPPluginJar : add cryp
2024-12-04 15:02:43,111 [INFO] IPUIPlugin:80 - create IPUIPlugin
2024-12-04 15:02:43,111 [INFO] PluginManager:220 - loadIPPluginJar : add ddr_ctrl_phy
2024-12-04 15:02:43,112 [INFO] IPUIPlugin:80 - create IPUIPlugin
2024-12-04 15:02:43,112 [INFO] PluginManager:220 - loadIPPluginJar : add dfsdm
2024-12-04 15:02:43,115 [INFO] IPUIPlugin:80 - create IPUIPlugin
2024-12-04 15:02:43,115 [INFO] PluginManager:220 - loadIPPluginJar : add dma
2024-12-04 15:02:43,116 [INFO] IPUIPlugin:80 - create IPUIPlugin
2024-12-04 15:02:43,116 [INFO] PluginManager:220 - loadIPPluginJar : add dma3
2024-12-04 15:02:43,117 [INFO] IPUIPlugin:80 - create IPUIPlugin
2024-12-04 15:02:43,117 [INFO] PluginManager:220 - loadIPPluginJar : add extmemmanager
2024-12-04 15:02:43,118 [INFO] IPUIPlugin:80 - create IPUIPlugin
2024-12-04 15:02:43,118 [INFO] PluginManager:220 - loadIPPluginJar : add fatfs
2024-12-04 15:02:43,120 [INFO] IPUIPlugin:80 - create IPUIPlugin
2024-12-04 15:02:43,120 [INFO] PluginManager:220 - loadIPPluginJar : add fmc
2024-12-04 15:02:43,124 [INFO] IPUIPlugin:80 - create IPUIPlugin
2024-12-04 15:02:43,124 [INFO] PluginManager:220 - loadIPPluginJar : add freertos
2024-12-04 15:02:43,124 [INFO] IPUIPlugin:80 - create IPUIPlugin
2024-12-04 15:02:43,125 [INFO] PluginManager:220 - loadIPPluginJar : add genericplugin
2024-12-04 15:02:43,125 [INFO] IPUIPlugin:80 - create IPUIPlugin
2024-12-04 15:02:43,125 [INFO] PluginManager:220 - loadIPPluginJar : add gfxmmu
2024-12-04 15:02:43,127 [INFO] IPUIPlugin:80 - create IPUIPlugin
2024-12-04 15:02:43,127 [INFO] PluginManager:220 - loadIPPluginJar : add gic
2024-12-04 15:02:43,129 [INFO] IPUIPlugin:80 - create IPUIPlugin
2024-12-04 15:02:43,129 [INFO] PluginManager:220 - loadIPPluginJar : add gpio
2024-12-04 15:02:43,130 [INFO] IPUIPlugin:80 - create IPUIPlugin
2024-12-04 15:02:43,130 [INFO] PluginManager:220 - loadIPPluginJar : add gtzc
2024-12-04 15:02:43,131 [INFO] IPUIPlugin:80 - create IPUIPlugin
2024-12-04 15:02:43,131 [INFO] PluginManager:220 - loadIPPluginJar : add hash
2024-12-04 15:02:43,132 [INFO] IPUIPlugin:80 - create IPUIPlugin
2024-12-04 15:02:43,132 [INFO] PluginManager:220 - loadIPPluginJar : add i2c
2024-12-04 15:02:43,133 [INFO] IPUIPlugin:80 - create IPUIPlugin
2024-12-04 15:02:43,133 [INFO] PluginManager:220 - loadIPPluginJar : add i2s
2024-12-04 15:02:43,134 [INFO] IPUIPlugin:80 - create IPUIPlugin
2024-12-04 15:02:43,134 [INFO] PluginManager:220 - loadIPPluginJar : add i3c
2024-12-04 15:02:43,136 [INFO] IPUIPlugin:80 - create IPUIPlugin
2024-12-04 15:02:43,136 [INFO] PluginManager:220 - loadIPPluginJar : add ipddr
2024-12-04 15:02:43,139 [INFO] IPUIPlugin:80 - create IPUIPlugin
2024-12-04 15:02:43,139 [INFO] PluginManager:220 - loadIPPluginJar : add linkedlist
2024-12-04 15:02:43,140 [INFO] IPUIPlugin:80 - create IPUIPlugin
2024-12-04 15:02:43,140 [INFO] PluginManager:220 - loadIPPluginJar : add lorawan
2024-12-04 15:02:43,141 [INFO] IPUIPlugin:80 - create IPUIPlugin
2024-12-04 15:02:43,141 [INFO] PluginManager:220 - loadIPPluginJar : add ltdc
2024-12-04 15:02:43,143 [INFO] IPUIPlugin:80 - create IPUIPlugin
2024-12-04 15:02:43,143 [INFO] PluginManager:220 - loadIPPluginJar : add mdma
2024-12-04 15:02:43,145 [INFO] IPUIPlugin:80 - create IPUIPlugin
2024-12-04 15:02:43,145 [INFO] PluginManager:220 - loadIPPluginJar : add nvic
2024-12-04 15:02:43,147 [INFO] IPUIPlugin:80 - create IPUIPlugin
2024-12-04 15:02:43,147 [INFO] PluginManager:220 - loadIPPluginJar : add opamp
2024-12-04 15:02:43,148 [INFO] IPUIPlugin:80 - create IPUIPlugin
2024-12-04 15:02:43,148 [INFO] PluginManager:220 - loadIPPluginJar : add openamp
2024-12-04 15:02:43,150 [INFO] IPUIPlugin:80 - create IPUIPlugin
2024-12-04 15:02:43,150 [INFO] PluginManager:220 - loadIPPluginJar : add pdm2pcm
2024-12-04 15:02:43,152 [INFO] IPUIPlugin:80 - create IPUIPlugin
2024-12-04 15:02:43,153 [INFO] PluginManager:220 - loadIPPluginJar : add plateformsettings
2024-12-04 15:02:43,154 [INFO] IPUIPlugin:80 - create IPUIPlugin
2024-12-04 15:02:43,154 [INFO] PluginManager:220 - loadIPPluginJar : add quadspi
2024-12-04 15:02:43,155 [INFO] IPUIPlugin:80 - create IPUIPlugin
2024-12-04 15:02:43,155 [INFO] PluginManager:220 - loadIPPluginJar : add radio
2024-12-04 15:02:43,156 [INFO] IPUIPlugin:80 - create IPUIPlugin
2024-12-04 15:02:43,157 [INFO] PluginManager:220 - loadIPPluginJar : add resmgrutility
2024-12-04 15:02:43,158 [INFO] IPUIPlugin:80 - create IPUIPlugin
2024-12-04 15:02:43,158 [INFO] PluginManager:220 - loadIPPluginJar : add sai
2024-12-04 15:02:43,159 [INFO] IPUIPlugin:80 - create IPUIPlugin
2024-12-04 15:02:43,159 [INFO] PluginManager:220 - loadIPPluginJar : add spi
2024-12-04 15:02:43,161 [INFO] IPUIPlugin:80 - create IPUIPlugin
2024-12-04 15:02:43,161 [INFO] PluginManager:220 - loadIPPluginJar : add stm32_wpan
2024-12-04 15:02:43,162 [INFO] IPUIPlugin:80 - create IPUIPlugin
2024-12-04 15:02:43,162 [INFO] PluginManager:220 - loadIPPluginJar : add tim
2024-12-04 15:02:43,163 [INFO] IPUIPlugin:80 - create IPUIPlugin
2024-12-04 15:02:43,163 [INFO] PluginManager:220 - loadIPPluginJar : add touchsensing
2024-12-04 15:02:43,164 [INFO] IPUIPlugin:80 - create IPUIPlugin
2024-12-04 15:02:43,164 [INFO] PluginManager:220 - loadIPPluginJar : add tracer_emb
2024-12-04 15:02:43,164 [INFO] IPUIPlugin:80 - create IPUIPlugin
2024-12-04 15:02:43,164 [INFO] PluginManager:220 - loadIPPluginJar : add ts
2024-12-04 15:02:43,166 [INFO] IPUIPlugin:80 - create IPUIPlugin
2024-12-04 15:02:43,166 [INFO] PluginManager:220 - loadIPPluginJar : add tsc
2024-12-04 15:02:43,167 [INFO] IPUIPlugin:80 - create IPUIPlugin
2024-12-04 15:02:43,167 [INFO] PluginManager:220 - loadIPPluginJar : add ucpd
2024-12-04 15:02:43,168 [INFO] IPUIPlugin:80 - create IPUIPlugin
2024-12-04 15:02:43,168 [INFO] PluginManager:220 - loadIPPluginJar : add usart
2024-12-04 15:02:43,170 [INFO] IPUIPlugin:80 - create IPUIPlugin
2024-12-04 15:02:43,170 [INFO] PluginManager:220 - loadIPPluginJar : add usbx
2024-12-04 15:02:43,273 [FATAL] Updater:351 - Updater called before beeing initialized
2024-12-04 15:02:43,289 [INFO] RulesReader:64 - Compatibility file has been processed (297 Rules)
2024-12-04 15:02:43,294 [INFO] RulesReader:64 - Compatibility file has been processed (297 Rules)
2024-12-04 15:02:43,301 [INFO] CADModel:165 - CPN selected for project level
2024-12-04 15:02:43,301 [INFO] CADModel:114 - Register for checkConnection events
2024-12-04 15:02:43,301 [FATAL] Updater:351 - Updater called before beeing initialized
2024-12-04 15:02:43,301 [ERROR] CADModel:125 - Updater not yet initialized, retry later 
2024-12-04 15:02:43,398 [FATAL] Updater:351 - Updater called before beeing initialized
2024-12-04 15:02:43,399 [INFO] CADModel:165 - CPN selected for project level
2024-12-04 15:02:43,399 [INFO] CADModel:114 - Register for checkConnection events
2024-12-04 15:02:43,399 [FATAL] Updater:351 - Updater called before beeing initialized
2024-12-04 15:02:43,399 [ERROR] CADModel:125 - Updater not yet initialized, retry later 
2024-12-04 15:02:43,400 [FATAL] Updater:351 - Updater called before beeing initialized
2024-12-04 15:02:43,463 [FATAL] Updater:351 - Updater called before beeing initialized
2024-12-04 15:02:43,470 [INFO] DbMcusAds:53 - JSON generation date=Fri Sep 20 22:04:23 KST 2024 (1726837463113)
2024-12-04 15:02:43,470 [FATAL] Updater:351 - Updater called before beeing initialized
2024-12-04 15:02:43,489 [WARN] DetailPanel:346 - Failed to get advertising image, set to default
2024-12-04 15:02:43,600 [FATAL] Updater:351 - Updater called before beeing initialized
2024-12-04 15:02:43,601 [FATAL] Updater:351 - Updater called before beeing initialized
2024-12-04 15:02:43,602 [FATAL] Updater:351 - Updater called before beeing initialized
2024-12-04 15:02:43,602 [WARN] DetailPanel:346 - Failed to get advertising image, set to default
2024-12-04 15:02:43,602 [FATAL] Updater:351 - Updater called before beeing initialized
2024-12-04 15:02:43,623 [ERROR] Updater:1198 - MainUpdater not yet initialized. External WinMGr cannot be set.
2024-12-04 15:02:43,624 [INFO] Updater:1134 - Updater Version found : 6.13.0
2024-12-04 15:02:43,632 [INFO] ApplicationProperties:184 - Using Application install path: C:\ST\STM32CubeIDE_1.16.1\STM32CubeIDE\plugins\com.st.stm32cube.common.mx_6.13.0.202411220809
2024-12-04 15:02:43,931 [INFO] MainUpdater:2872 - connection check result : 10
2024-12-04 15:02:43,932 [INFO] MainUpdater:289 - Updater Check For Update Now.
2024-12-04 15:02:43,932 [INFO] MicroXplorer:498 - Change Database Version : DB.6.0.130
2024-12-04 15:02:43,935 [INFO] McuFinderGlobals:63 - Set McuFinder mode to 2 (CubeIDE integrated)
2024-12-04 15:02:43,935 [INFO] UserAuth:486 - Internet connection configuration mode: 1
2024-12-04 15:02:43,954 [INFO] JxBrowserEngine:152 - Initiate JxBrowser Engine with user profile folder
2024-12-04 15:02:44,072 [INFO] CheckServerUpdateThread:120 - End of CheckServer Thread
2024-12-04 15:02:44,264 [INFO] WebApp:168 - Instantiating new browser for Auth
2024-12-04 15:02:44,561 [INFO] WebApp:449 - Apply proxy settings
2024-12-04 15:02:44,561 [INFO] WebApp:534 - Chromium requires no authentication
2024-12-04 15:02:44,566 [INFO] WebApp:477 - Direct internet connection detected
2024-12-04 15:02:44,574 [INFO] WebApp:880 - Register for checkConnection events
2024-12-04 15:02:44,574 [INFO] WebApp:449 - Apply proxy settings
2024-12-04 15:02:44,575 [INFO] WebApp:534 - Chromium requires no authentication
2024-12-04 15:02:44,575 [INFO] WebApp:477 - Direct internet connection detected
2024-12-04 15:02:44,644 [INFO] WebApp:221 - Starting web application
2024-12-04 15:02:44,644 [INFO] WebApp:579 - Web application path used C:\ST\STM32CubeIDE_1.16.1\STM32CubeIDE\plugins\com.st.stm32cube.common.mx_6.13.0.202411220809\db\plugins\mcufinder\reactClient1\index.html
2024-12-04 15:02:44,681 [INFO] UserAuth:486 - Internet connection configuration mode: 1
2024-12-04 15:02:44,713 [ERROR] LogOutputStream:75 - [STDERR_REDIRECT] [Fatal Error] :1:1: Premature end of file.
2024-12-04 15:02:44,713 [ERROR] LogOutputStream:75 - [STDERR_REDIRECT] 
2024-12-04 15:02:45,031 [INFO] WebApp:187 - Connection restablished
2024-12-04 15:02:45,708 [ERROR] LogOutputStream:75 - [STDERR_REDIRECT] [Fatal Error] :1:1: Premature end of file.
2024-12-04 15:02:45,708 [ERROR] LogOutputStream:75 - [STDERR_REDIRECT] 
2024-12-04 15:02:45,937 [WARN] PackLoader:240 - Cannot read IP mode file for STMicroelectronics.FP-SNS-MOTENVWB1.1.4.0
2024-12-04 15:02:45,944 [WARN] PackLoader:240 - Cannot read IP mode file for STMicroelectronics.X-CUBE-SMBUS.2.1.0
2024-12-04 15:02:45,958 [WARN] PackLoader:240 - Cannot read IP mode file for STMicroelectronics.X-CUBE-AZRTOS-F7.1.1.0
2024-12-04 15:02:45,963 [WARN] PackLoader:240 - Cannot read IP mode file for STMicroelectronics.FP-SNS-FLIGHT1.5.0.2
2024-12-04 15:02:45,968 [WARN] PackLoader:240 - Cannot read IP mode file for STMicroelectronics.X-CUBE-DISPLAY.3.0.0
2024-12-04 15:02:45,977 [WARN] PackLoader:240 - Cannot read IP mode file for STMicroelectronics.X-CUBE-BLE1.7.0.0
2024-12-04 15:02:45,981 [WARN] PackLoader:240 - Cannot read IP mode file for STMicroelectronics.X-CUBE-BLEMGR.3.1.0
2024-12-04 15:02:45,985 [WARN] PackLoader:240 - Cannot read IP mode file for STMicroelectronics.FP-SNS-SMARTAG2.1.2.0
2024-12-04 15:02:45,989 [INFO] LogOutputStream:77 - [STDOUT_REDIRECT] 1 : Invalid condition id : UX_CORESTACK_Condition cause : null
2024-12-04 15:02:45,990 [INFO] LogOutputStream:77 - [STDOUT_REDIRECT] 1 : Invalid condition id : UX_CORESTACK_Condition cause : null
2024-12-04 15:02:45,991 [INFO] LogOutputStream:77 - [STDOUT_REDIRECT] 1 : Invalid condition id : UX_CORESTACK_Condition cause : null
2024-12-04 15:02:45,991 [INFO] LogOutputStream:77 - [STDOUT_REDIRECT] 1 : Invalid condition id : UX_CORESTACK_Condition cause : null
2024-12-04 15:02:45,992 [INFO] LogOutputStream:77 - [STDOUT_REDIRECT] 1 : Invalid condition id : UX_CORESTACK_Condition cause : null
2024-12-04 15:02:45,993 [WARN] PackLoader:240 - Cannot read IP mode file for STMicroelectronics.X-CUBE-AZRTOS-WL.2.0.0
2024-12-04 15:02:45,997 [WARN] PackLoader:240 - Cannot read IP mode file for STMicroelectronics.FP-SNS-MOTENV1.5.0.0
2024-12-04 15:02:45,999 [WARN] PackLoader:240 - Cannot read IP mode file for wolfSSL.I-CUBE-wolfMQTT.1.19.0
2024-12-04 15:02:46,001 [WARN] PackLoader:240 - Cannot read IP mode file for STMicroelectronics.X-CUBE-BLE2.3.3.0
2024-12-04 15:02:46,003 [WARN] PackLoader:240 - Cannot read IP mode file for STMicroelectronics.X-CUBE-TCPP.4.1.0
2024-12-04 15:02:46,010 [WARN] PackLoader:240 - Cannot read IP mode file for STMicroelectronics.X-CUBE-AZRTOS-G0.1.1.0
2024-12-04 15:02:46,013 [WARN] PackLoader:240 - Cannot read IP mode file for STMicroelectronics.X-CUBE-SAFEA1.1.2.2
2024-12-04 15:02:46,016 [WARN] PackLoader:240 - Cannot read IP mode file for STMicroelectronics.X-CUBE-NFC4.3.0.0
2024-12-04 15:02:46,018 [WARN] PackLoader:240 - Cannot read IP mode file for STMicroelectronics.FP-ATR-SIGFOX1.3.2.0
2024-12-04 15:02:46,021 [WARN] PackLoader:240 - Cannot read IP mode file for STMicroelectronics.X-CUBE-EEPRMA1.5.1.0
2024-12-04 15:02:46,041 [WARN] PackLoader:240 - Cannot read IP mode file for SEGGER.I-CUBE-embOS.1.3.1
2024-12-04 15:02:46,061 [WARN] PackLoader:240 - Cannot read IP mode file for STMicroelectronics.X-CUBE-ALGOBUILD.1.4.0
2024-12-04 15:02:46,067 [WARN] PackLoader:240 - Cannot read IP mode file for STMicroelectronics.X-CUBE-AZRTOS-F4.1.1.0
2024-12-04 15:02:46,070 [WARN] PackLoader:240 - Cannot read IP mode file for STMicroelectronics.X-CUBE-FREERTOS.1.2.0
2024-12-04 15:02:46,076 [WARN] PackLoader:240 - Cannot read IP mode file for STMicroelectronics.X-CUBE-AZRTOS-L5.2.0.0
2024-12-04 15:02:46,080 [WARN] PackLoader:240 - Cannot read IP mode file for STMicroelectronics.X-CUBE-NFC6.3.1.0
2024-12-04 15:02:46,082 [WARN] PackLoader:240 - Cannot read IP mode file for STMicroelectronics.X-CUBE-NFC7.1.0.1
2024-12-04 15:02:46,089 [WARN] ConditionMgr:438 - getConditionDescription Invalid condition id : LAN8742 Phy interface Condition cause : null
2024-12-04 15:02:46,089 [WARN] PackLoader:240 - Cannot read IP mode file for STMicroelectronics.X-CUBE-AZRTOS-L4.2.0.0
2024-12-04 15:02:46,089 [WARN] ConditionMgr:1044 - genDependencies : Invalid condition id : LAN8742 Phy interface Condition cause : null
2024-12-04 15:02:46,089 [WARN] ConditionMgr:1044 - genDependencies : Invalid condition id : LAN8742 Phy interface Condition cause : null
2024-12-04 15:02:46,090 [WARN] ConditionMgr:1044 - genDependencies : Invalid condition id : LAN8742 Phy interface Condition cause : null
2024-12-04 15:02:46,092 [WARN] PackLoader:240 - Cannot read IP mode file for STMicroelectronics.X-CUBE-SFXS2LP1.4.0.0
2024-12-04 15:02:46,097 [WARN] ConditionMgr:438 - getConditionDescription Invalid condition id : UX DEVICE CLASS RTOS Condition cause : null
2024-12-04 15:02:46,097 [WARN] ConditionMgr:438 - getConditionDescription Invalid condition id : UX DEVICE CLASS RTOS Condition cause : null
2024-12-04 15:02:46,098 [WARN] PackLoader:240 - Cannot read IP mode file for STMicroelectronics.X-CUBE-AZRTOS-WB.2.0.0
2024-12-04 15:02:46,098 [WARN] ConditionMgr:1044 - genDependencies : Invalid condition id : UX DEVICE CLASS RTOS Condition cause : null
2024-12-04 15:02:46,098 [WARN] ConditionMgr:1044 - genDependencies : Invalid condition id : UX DEVICE CLASS RTOS Condition cause : null
2024-12-04 15:02:46,098 [WARN] ConditionMgr:1044 - genDependencies : Invalid condition id : UX DEVICE CLASS RTOS Condition cause : null
2024-12-04 15:02:46,098 [WARN] ConditionMgr:1044 - genDependencies : Invalid condition id : UX DEVICE CLASS RTOS Condition cause : null
2024-12-04 15:02:46,098 [WARN] ConditionMgr:1044 - genDependencies : Invalid condition id : UX DEVICE CLASS RTOS Condition cause : null
2024-12-04 15:02:46,102 [WARN] PackLoader:240 - Cannot read IP mode file for STMicroelectronics.X-CUBE-SUBG2.5.0.0
2024-12-04 15:02:46,109 [WARN] PackLoader:240 - Cannot read IP mode file for STMicroelectronics.X-CUBE-AZRTOS-G4.2.0.0
2024-12-04 15:02:46,111 [WARN] PackLoader:240 - Cannot read IP mode file for STMicroelectronics.X-CUBE-ALS.1.0.2
2024-12-04 15:02:46,113 [WARN] PackLoader:240 - Cannot read IP mode file for portGmbH.I-Cube-SoM-uGOAL.1.1.0
2024-12-04 15:02:46,119 [WARN] PackLoader:240 - Cannot read IP mode file for STMicroelectronics.X-CUBE-AZRTOS-H7RS.1.0.0
2024-12-04 15:02:46,120 [INFO] ThirdParty:978 - Integrity check success = true
2024-12-04 15:02:46,120 [INFO] IntegrityCheckThread:100 - exiting critical section [integrity check]
2024-12-04 15:02:46,120 [INFO] IntegrityCheckThread:103 - End integrity checks thread
2024-12-04 15:02:46,706 [ERROR] LogOutputStream:75 - [STDERR_REDIRECT] [Fatal Error] :1:1: Premature end of file.
2024-12-04 15:02:46,707 [ERROR] LogOutputStream:75 - [STDERR_REDIRECT] 
2024-12-04 15:02:47,705 [ERROR] LogOutputStream:75 - [STDERR_REDIRECT] [Fatal Error] :1:1: Premature end of file.
2024-12-04 15:02:47,706 [ERROR] LogOutputStream:75 - [STDERR_REDIRECT] 
2024-12-04 15:02:48,711 [ERROR] LogOutputStream:75 - [STDERR_REDIRECT] [Fatal Error] :1:1: Premature end of file.
2024-12-04 15:02:48,711 [ERROR] LogOutputStream:75 - [STDERR_REDIRECT] 
2024-12-04 15:02:49,708 [ERROR] LogOutputStream:75 - [STDERR_REDIRECT] [Fatal Error] :1:1: Premature end of file.
2024-12-04 15:02:49,708 [ERROR] LogOutputStream:75 - [STDERR_REDIRECT] 
2024-12-04 15:02:50,706 [ERROR] LogOutputStream:75 - [STDERR_REDIRECT] [Fatal Error] :1:1: Premature end of file.
2024-12-04 15:02:50,707 [ERROR] LogOutputStream:75 - [STDERR_REDIRECT] 
2024-12-04 15:02:51,707 [ERROR] LogOutputStream:75 - [STDERR_REDIRECT] [Fatal Error] :1:1: Premature end of file.
2024-12-04 15:02:51,707 [ERROR] LogOutputStream:75 - [STDERR_REDIRECT] 
2024-12-04 15:02:52,713 [ERROR] LogOutputStream:75 - [STDERR_REDIRECT] [Fatal Error] :1:1: Premature end of file.
2024-12-04 15:02:52,713 [ERROR] LogOutputStream:75 - [STDERR_REDIRECT] 
2024-12-04 15:02:53,705 [ERROR] LogOutputStream:75 - [STDERR_REDIRECT] [Fatal Error] :1:1: Premature end of file.
2024-12-04 15:02:53,705 [ERROR] LogOutputStream:75 - [STDERR_REDIRECT] 
2024-12-04 15:02:54,708 [ERROR] LogOutputStream:75 - [STDERR_REDIRECT] [Fatal Error] :1:1: Premature end of file.
2024-12-04 15:02:54,708 [ERROR] LogOutputStream:75 - [STDERR_REDIRECT] 
2024-12-04 15:02:55,708 [ERROR] LogOutputStream:75 - [STDERR_REDIRECT] [Fatal Error] :1:1: Premature end of file.
2024-12-04 15:02:55,708 [ERROR] LogOutputStream:75 - [STDERR_REDIRECT] 
2024-12-04 15:02:56,713 [ERROR] LogOutputStream:75 - [STDERR_REDIRECT] [Fatal Error] :1:1: Premature end of file.
2024-12-04 15:02:56,713 [ERROR] LogOutputStream:75 - [STDERR_REDIRECT] 
2024-12-04 15:02:57,709 [ERROR] LogOutputStream:75 - [STDERR_REDIRECT] [Fatal Error] :1:1: Premature end of file.
2024-12-04 15:02:57,709 [ERROR] LogOutputStream:75 - [STDERR_REDIRECT] 
2024-12-04 15:02:58,706 [ERROR] LogOutputStream:75 - [STDERR_REDIRECT] [Fatal Error] :1:1: Premature end of file.
2024-12-04 15:02:58,706 [ERROR] LogOutputStream:75 - [STDERR_REDIRECT] 
2024-12-04 15:02:59,721 [ERROR] LogOutputStream:75 - [STDERR_REDIRECT] [Fatal Error] :1:1: Premature end of file.
2024-12-04 15:02:59,721 [ERROR] LogOutputStream:75 - [STDERR_REDIRECT] 
2024-12-04 15:03:00,709 [ERROR] LogOutputStream:75 - [STDERR_REDIRECT] [Fatal Error] :1:1: Premature end of file.
2024-12-04 15:03:00,709 [ERROR] LogOutputStream:75 - [STDERR_REDIRECT] 
2024-12-04 15:03:01,707 [ERROR] LogOutputStream:75 - [STDERR_REDIRECT] [Fatal Error] :1:1: Premature end of file.
2024-12-04 15:03:01,707 [ERROR] LogOutputStream:75 - [STDERR_REDIRECT] 
2024-12-04 15:03:02,711 [ERROR] LogOutputStream:75 - [STDERR_REDIRECT] [Fatal Error] :1:1: Premature end of file.
2024-12-04 15:03:02,711 [ERROR] LogOutputStream:75 - [STDERR_REDIRECT] 
2024-12-04 15:03:03,706 [ERROR] LogOutputStream:75 - [STDERR_REDIRECT] [Fatal Error] :1:1: Premature end of file.
2024-12-04 15:03:03,706 [ERROR] LogOutputStream:75 - [STDERR_REDIRECT] 
2024-12-04 15:03:04,717 [ERROR] LogOutputStream:75 - [STDERR_REDIRECT] [Fatal Error] :1:1: Premature end of file.
2024-12-04 15:03:04,717 [ERROR] LogOutputStream:75 - [STDERR_REDIRECT] 
2024-12-04 15:03:05,714 [ERROR] LogOutputStream:75 - [STDERR_REDIRECT] [Fatal Error] :1:1: Premature end of file.
2024-12-04 15:03:05,715 [ERROR] LogOutputStream:75 - [STDERR_REDIRECT] 
2024-12-04 15:03:06,708 [ERROR] LogOutputStream:75 - [STDERR_REDIRECT] [Fatal Error] :1:1: Premature end of file.
2024-12-04 15:03:06,708 [ERROR] LogOutputStream:75 - [STDERR_REDIRECT] 
2024-12-04 15:03:07,717 [ERROR] LogOutputStream:75 - [STDERR_REDIRECT] [Fatal Error] :1:1: Premature end of file.
2024-12-04 15:03:07,717 [ERROR] LogOutputStream:75 - [STDERR_REDIRECT] 
2024-12-04 15:03:08,716 [ERROR] LogOutputStream:75 - [STDERR_REDIRECT] [Fatal Error] :1:1: Premature end of file.
2024-12-04 15:03:08,716 [ERROR] LogOutputStream:75 - [STDERR_REDIRECT] 
2024-12-04 15:03:09,712 [ERROR] LogOutputStream:75 - [STDERR_REDIRECT] [Fatal Error] :1:1: Premature end of file.
2024-12-04 15:03:09,712 [ERROR] LogOutputStream:75 - [STDERR_REDIRECT] 
2024-12-04 15:03:10,705 [ERROR] LogOutputStream:75 - [STDERR_REDIRECT] [Fatal Error] :1:1: Premature end of file.
2024-12-04 15:03:10,706 [ERROR] LogOutputStream:75 - [STDERR_REDIRECT] 
2024-12-04 15:03:11,712 [ERROR] LogOutputStream:75 - [STDERR_REDIRECT] [Fatal Error] :1:1: Premature end of file.
2024-12-04 15:03:11,712 [ERROR] LogOutputStream:75 - [STDERR_REDIRECT] 
2024-12-04 15:03:12,721 [ERROR] LogOutputStream:75 - [STDERR_REDIRECT] [Fatal Error] :1:1: Premature end of file.
2024-12-04 15:03:12,721 [ERROR] LogOutputStream:75 - [STDERR_REDIRECT] 
2024-12-04 15:03:13,712 [ERROR] LogOutputStream:75 - [STDERR_REDIRECT] [Fatal Error] :1:1: Premature end of file.
2024-12-04 15:03:13,713 [ERROR] LogOutputStream:75 - [STDERR_REDIRECT] 
2024-12-04 15:03:14,722 [ERROR] LogOutputStream:75 - [STDERR_REDIRECT] [Fatal Error] :1:1: Premature end of file.
2024-12-04 15:03:14,722 [ERROR] LogOutputStream:75 - [STDERR_REDIRECT] 
2024-12-04 15:03:15,711 [ERROR] LogOutputStream:75 - [STDERR_REDIRECT] [Fatal Error] :1:1: Premature end of file.
2024-12-04 15:03:15,711 [ERROR] LogOutputStream:75 - [STDERR_REDIRECT] 
2024-12-04 15:03:16,707 [ERROR] LogOutputStream:75 - [STDERR_REDIRECT] [Fatal Error] :1:1: Premature end of file.
2024-12-04 15:03:16,707 [ERROR] LogOutputStream:75 - [STDERR_REDIRECT] 
2024-12-04 15:03:17,707 [ERROR] LogOutputStream:75 - [STDERR_REDIRECT] [Fatal Error] :1:1: Premature end of file.
2024-12-04 15:03:17,707 [ERROR] LogOutputStream:75 - [STDERR_REDIRECT] 
2024-12-04 15:03:18,715 [ERROR] LogOutputStream:75 - [STDERR_REDIRECT] [Fatal Error] :1:1: Premature end of file.
2024-12-04 15:03:18,715 [ERROR] LogOutputStream:75 - [STDERR_REDIRECT] 
2024-12-04 15:03:19,716 [ERROR] LogOutputStream:75 - [STDERR_REDIRECT] [Fatal Error] :1:1: Premature end of file.
2024-12-04 15:03:19,716 [ERROR] LogOutputStream:75 - [STDERR_REDIRECT] 
2024-12-04 15:03:20,718 [ERROR] LogOutputStream:75 - [STDERR_REDIRECT] [Fatal Error] :1:1: Premature end of file.
2024-12-04 15:03:20,718 [ERROR] LogOutputStream:75 - [STDERR_REDIRECT] 
2024-12-04 15:03:21,715 [ERROR] LogOutputStream:75 - [STDERR_REDIRECT] [Fatal Error] :1:1: Premature end of file.
2024-12-04 15:03:21,715 [ERROR] LogOutputStream:75 - [STDERR_REDIRECT] 
2024-12-04 15:03:22,705 [ERROR] LogOutputStream:75 - [STDERR_REDIRECT] [Fatal Error] :1:1: Premature end of file.
2024-12-04 15:03:22,705 [ERROR] LogOutputStream:75 - [STDERR_REDIRECT] 
2024-12-04 15:03:23,715 [ERROR] LogOutputStream:75 - [STDERR_REDIRECT] [Fatal Error] :1:1: Premature end of file.
2024-12-04 15:03:23,715 [ERROR] LogOutputStream:75 - [STDERR_REDIRECT] 
2024-12-04 15:03:24,706 [ERROR] LogOutputStream:75 - [STDERR_REDIRECT] [Fatal Error] :1:1: Premature end of file.
2024-12-04 15:03:24,706 [ERROR] LogOutputStream:75 - [STDERR_REDIRECT] 
2024-12-04 15:03:25,710 [ERROR] LogOutputStream:75 - [STDERR_REDIRECT] [Fatal Error] :1:1: Premature end of file.
2024-12-04 15:03:25,710 [ERROR] LogOutputStream:75 - [STDERR_REDIRECT] 
2024-12-04 15:03:26,705 [ERROR] LogOutputStream:75 - [STDERR_REDIRECT] [Fatal Error] :1:1: Premature end of file.
2024-12-04 15:03:26,705 [ERROR] LogOutputStream:75 - [STDERR_REDIRECT] 
2024-12-04 15:03:27,707 [ERROR] LogOutputStream:75 - [STDERR_REDIRECT] [Fatal Error] :1:1: Premature end of file.
2024-12-04 15:03:27,707 [ERROR] LogOutputStream:75 - [STDERR_REDIRECT] 
2024-12-04 15:03:28,710 [ERROR] LogOutputStream:75 - [STDERR_REDIRECT] [Fatal Error] :1:1: Premature end of file.
2024-12-04 15:03:28,710 [ERROR] LogOutputStream:75 - [STDERR_REDIRECT] 
2024-12-04 15:03:29,717 [ERROR] LogOutputStream:75 - [STDERR_REDIRECT] [Fatal Error] :1:1: Premature end of file.
2024-12-04 15:03:29,717 [ERROR] LogOutputStream:75 - [STDERR_REDIRECT] 
2024-12-04 15:03:30,706 [ERROR] LogOutputStream:75 - [STDERR_REDIRECT] [Fatal Error] :1:1: Premature end of file.
2024-12-04 15:03:30,706 [ERROR] LogOutputStream:75 - [STDERR_REDIRECT] 
2024-12-04 15:03:31,720 [ERROR] LogOutputStream:75 - [STDERR_REDIRECT] [Fatal Error] :1:1: Premature end of file.
2024-12-04 15:03:31,720 [ERROR] LogOutputStream:75 - [STDERR_REDIRECT] 
2024-12-04 15:03:32,711 [ERROR] LogOutputStream:75 - [STDERR_REDIRECT] [Fatal Error] :1:1: Premature end of file.
2024-12-04 15:03:32,711 [ERROR] LogOutputStream:75 - [STDERR_REDIRECT] 
2024-12-04 15:03:33,706 [ERROR] LogOutputStream:75 - [STDERR_REDIRECT] [Fatal Error] :1:1: Premature end of file.
2024-12-04 15:03:33,707 [ERROR] LogOutputStream:75 - [STDERR_REDIRECT] 
2024-12-04 15:03:34,717 [ERROR] LogOutputStream:75 - [STDERR_REDIRECT] [Fatal Error] :1:1: Premature end of file.
2024-12-04 15:03:34,717 [ERROR] LogOutputStream:75 - [STDERR_REDIRECT] 
2024-12-04 15:03:35,716 [ERROR] LogOutputStream:75 - [STDERR_REDIRECT] [Fatal Error] :1:1: Premature end of file.
2024-12-04 15:03:35,716 [ERROR] LogOutputStream:75 - [STDERR_REDIRECT] 
2024-12-04 15:03:36,713 [ERROR] LogOutputStream:75 - [STDERR_REDIRECT] [Fatal Error] :1:1: Premature end of file.
2024-12-04 15:03:36,713 [ERROR] LogOutputStream:75 - [STDERR_REDIRECT] 
2024-12-04 15:03:37,718 [ERROR] LogOutputStream:75 - [STDERR_REDIRECT] [Fatal Error] :1:1: Premature end of file.
2024-12-04 15:03:37,718 [ERROR] LogOutputStream:75 - [STDERR_REDIRECT] 
2024-12-04 15:03:38,716 [ERROR] LogOutputStream:75 - [STDERR_REDIRECT] [Fatal Error] :1:1: Premature end of file.
2024-12-04 15:03:38,716 [ERROR] LogOutputStream:75 - [STDERR_REDIRECT] 
2024-12-04 15:03:39,706 [ERROR] LogOutputStream:75 - [STDERR_REDIRECT] [Fatal Error] :1:1: Premature end of file.
2024-12-04 15:03:39,706 [ERROR] LogOutputStream:75 - [STDERR_REDIRECT] 
2024-12-04 15:03:40,716 [ERROR] LogOutputStream:75 - [STDERR_REDIRECT] [Fatal Error] :1:1: Premature end of file.
2024-12-04 15:03:40,716 [ERROR] LogOutputStream:75 - [STDERR_REDIRECT] 
2024-12-04 15:03:41,707 [ERROR] LogOutputStream:75 - [STDERR_REDIRECT] [Fatal Error] :1:1: Premature end of file.
2024-12-04 15:03:41,707 [ERROR] LogOutputStream:75 - [STDERR_REDIRECT] 
2024-12-04 15:03:42,712 [ERROR] LogOutputStream:75 - [STDERR_REDIRECT] [Fatal Error] :1:1: Premature end of file.
2024-12-04 15:03:42,712 [ERROR] LogOutputStream:75 - [STDERR_REDIRECT] 
2024-12-04 15:03:43,712 [ERROR] LogOutputStream:75 - [STDERR_REDIRECT] [Fatal Error] :1:1: Premature end of file.
2024-12-04 15:03:43,712 [ERROR] LogOutputStream:75 - [STDERR_REDIRECT] 
2024-12-04 15:03:44,712 [ERROR] LogOutputStream:75 - [STDERR_REDIRECT] [Fatal Error] :1:1: Premature end of file.
2024-12-04 15:03:44,712 [ERROR] LogOutputStream:75 - [STDERR_REDIRECT] 
2024-12-04 15:03:45,706 [ERROR] LogOutputStream:75 - [STDERR_REDIRECT] [Fatal Error] :1:1: Premature end of file.
2024-12-04 15:03:45,706 [ERROR] LogOutputStream:75 - [STDERR_REDIRECT] 
2024-12-04 15:03:46,710 [ERROR] LogOutputStream:75 - [STDERR_REDIRECT] [Fatal Error] :1:1: Premature end of file.
2024-12-04 15:03:46,710 [ERROR] LogOutputStream:75 - [STDERR_REDIRECT] 
2024-12-04 15:03:47,720 [ERROR] LogOutputStream:75 - [STDERR_REDIRECT] [Fatal Error] :1:1: Premature end of file.
2024-12-04 15:03:47,720 [ERROR] LogOutputStream:75 - [STDERR_REDIRECT] 
2024-12-04 15:03:48,711 [ERROR] LogOutputStream:75 - [STDERR_REDIRECT] [Fatal Error] :1:1: Premature end of file.
2024-12-04 15:03:48,712 [ERROR] LogOutputStream:75 - [STDERR_REDIRECT] 
2024-12-04 15:03:49,713 [ERROR] LogOutputStream:75 - [STDERR_REDIRECT] [Fatal Error] :1:1: Premature end of file.
2024-12-04 15:03:49,713 [ERROR] LogOutputStream:75 - [STDERR_REDIRECT] 
2024-12-04 15:03:50,710 [ERROR] LogOutputStream:75 - [STDERR_REDIRECT] [Fatal Error] :1:1: Premature end of file.
2024-12-04 15:03:50,710 [ERROR] LogOutputStream:75 - [STDERR_REDIRECT] 
2024-12-04 15:03:51,707 [ERROR] LogOutputStream:75 - [STDERR_REDIRECT] [Fatal Error] :1:1: Premature end of file.
2024-12-04 15:03:51,707 [ERROR] LogOutputStream:75 - [STDERR_REDIRECT] 
2024-12-04 15:03:52,706 [ERROR] LogOutputStream:75 - [STDERR_REDIRECT] [Fatal Error] :1:1: Premature end of file.
2024-12-04 15:03:52,706 [ERROR] LogOutputStream:75 - [STDERR_REDIRECT] 
2024-12-04 15:03:53,716 [ERROR] LogOutputStream:75 - [STDERR_REDIRECT] [Fatal Error] :1:1: Premature end of file.
2024-12-04 15:03:53,716 [ERROR] LogOutputStream:75 - [STDERR_REDIRECT] 
2024-12-04 15:03:54,711 [ERROR] LogOutputStream:75 - [STDERR_REDIRECT] [Fatal Error] :1:1: Premature end of file.
2024-12-04 15:03:54,712 [ERROR] LogOutputStream:75 - [STDERR_REDIRECT] 
2024-12-04 15:03:55,713 [ERROR] LogOutputStream:75 - [STDERR_REDIRECT] [Fatal Error] :1:1: Premature end of file.
2024-12-04 15:03:55,713 [ERROR] LogOutputStream:75 - [STDERR_REDIRECT] 
2024-12-04 15:03:56,709 [ERROR] LogOutputStream:75 - [STDERR_REDIRECT] [Fatal Error] :1:1: Premature end of file.
2024-12-04 15:03:56,709 [ERROR] LogOutputStream:75 - [STDERR_REDIRECT] 
2024-12-04 15:03:57,711 [ERROR] LogOutputStream:75 - [STDERR_REDIRECT] 
2024-12-04 15:04:27,957 [INFO] Activator:176 - 


2024-12-04 15:04:27,958 [INFO] Activator:177 - !SESSION log4j initialized
2024-12-04 15:04:29,435 [INFO] LogOutputStream:77 - [STDOUT_REDIRECT] 
2024-12-04 15:04:41,532 [INFO] ApplicationProperties:184 - Using Application install path: C:\ST\STM32CubeIDE_1.16.1\STM32CubeIDE\plugins\com.st.stm32cube.common.mx_6.13.0.202411220809
2024-12-04 15:04:41,543 [INFO] DbMcusXml:78 - Set database path to: C:\ST\STM32CubeIDE_1.16.1\STM32CubeIDE\plugins\com.st.stm32cube.common.mx_6.13.0.202411220809\\db\/mcu/
2024-12-04 15:04:41,543 [INFO] ApiDb:274 - Set plugin database path to: C:\ST\STM32CubeIDE_1.16.1\STM32CubeIDE\plugins\com.st.stm32cube.common.mx_6.13.0.202411220809\\db\/plugins/boardmanager/
2024-12-04 15:04:41,543 [WARN] ApiDb:259 - Overriding images path with different value:  => C:\ST\STM32CubeIDE_1.16.1\STM32CubeIDE\plugins\com.st.stm32cube.common.mx_6.13.0.202411220809\\db\/plugins/mcufinder/images/
2024-12-04 15:04:41,547 [INFO] ApiDb:250 - Set database path to: C:\Users\user\.stmcufinder\plugins\mcufinder//mcu/
2024-12-04 15:04:41,548 [INFO] DbMcusAds:125 - Set database path to: C:\Users\user\.stmcufinder\plugins\mcufinder//mcu/
2024-12-04 15:04:41,590 [INFO] CrossReferenceDbSqlite:203 - Set database path to: C:\Users\user\.stmcufinder\plugins\mcufinder//mcu/cs/
2024-12-04 15:04:41,657 [INFO] RulesReader:64 - Compatibility file has been processed (297 Rules)
2024-12-04 15:04:41,710 [INFO] DbMcusXml:78 - Set database path to: C:\ST\STM32CubeIDE_1.16.1\STM32CubeIDE\plugins\com.st.stm32cube.common.mx_6.13.0.202411220809\\db\/mcu/
2024-12-04 15:04:41,710 [INFO] ApiDb:274 - Set plugin database path to: C:\ST\STM32CubeIDE_1.16.1\STM32CubeIDE\plugins\com.st.stm32cube.common.mx_6.13.0.202411220809\\db\/plugins/boardmanager/
2024-12-04 15:04:41,710 [INFO] ApiDb:261 - Set plugin images path to: C:\ST\STM32CubeIDE_1.16.1\STM32CubeIDE\plugins\com.st.stm32cube.common.mx_6.13.0.202411220809\\db\/plugins/mcufinder/images/
2024-12-04 15:04:41,711 [WARN] DbFile:41 - Overriding database path with different value: C:\Users\user\.stmcufinder\plugins\mcufinder/ => C:\Users\user\.stmcufinder\plugins\mcufinder
2024-12-04 15:04:41,711 [INFO] ApiDb:250 - Set database path to: C:\Users\user\.stmcufinder\plugins\mcufinder//mcu/
2024-12-04 15:04:41,711 [WARN] DbFile:41 - Overriding database path with different value: C:\Users\user\.stmcufinder\plugins\mcufinder/ => C:\Users\user\.stmcufinder\plugins\mcufinder
2024-12-04 15:04:41,711 [INFO] DbMcusAds:125 - Set database path to: C:\Users\user\.stmcufinder\plugins\mcufinder//mcu/
2024-12-04 15:04:41,711 [WARN] DbFile:41 - Overriding database path with different value: C:\Users\user\.stmcufinder\plugins\mcufinder/ => C:\Users\user\.stmcufinder\plugins\mcufinder
2024-12-04 15:04:41,711 [WARN] DbFile:41 - Overriding database path with different value: C:\Users\user\.stmcufinder\plugins\mcufinder/ => C:\Users\user\.stmcufinder\plugins\mcufinder
2024-12-04 15:04:41,711 [INFO] CrossReferenceDbSqlite:203 - Set database path to: C:\Users\user\.stmcufinder\plugins\mcufinder//mcu/cs/
2024-12-04 15:04:41,749 [INFO] MainPanel:272 - HeapMemory: 268435456
2024-12-04 15:04:41,788 [INFO] DbMcusXml:78 - Set database path to: C:\ST\STM32CubeIDE_1.16.1\STM32CubeIDE\plugins\com.st.stm32cube.common.mx_6.13.0.202411220809\\db\/mcu/
2024-12-04 15:04:41,788 [INFO] ApiDb:274 - Set plugin database path to: C:\ST\STM32CubeIDE_1.16.1\STM32CubeIDE\plugins\com.st.stm32cube.common.mx_6.13.0.202411220809\\db\/plugins/boardmanager/
2024-12-04 15:04:41,788 [INFO] ApiDb:261 - Set plugin images path to: C:\ST\STM32CubeIDE_1.16.1\STM32CubeIDE\plugins\com.st.stm32cube.common.mx_6.13.0.202411220809\\db\/plugins/mcufinder/images/
2024-12-04 15:04:41,788 [WARN] DbFile:41 - Overriding database path with different value: C:\Users\user\.stmcufinder\plugins\mcufinder/ => C:\Users\user\.stmcufinder\plugins\mcufinder
2024-12-04 15:04:41,788 [INFO] ApiDb:250 - Set database path to: C:\Users\user\.stmcufinder\plugins\mcufinder//mcu/
2024-12-04 15:04:41,788 [WARN] DbFile:41 - Overriding database path with different value: C:\Users\user\.stmcufinder\plugins\mcufinder/ => C:\Users\user\.stmcufinder\plugins\mcufinder
2024-12-04 15:04:41,788 [INFO] DbMcusAds:125 - Set database path to: C:\Users\user\.stmcufinder\plugins\mcufinder//mcu/
2024-12-04 15:04:41,788 [WARN] DbFile:41 - Overriding database path with different value: C:\Users\user\.stmcufinder\plugins\mcufinder/ => C:\Users\user\.stmcufinder\plugins\mcufinder
2024-12-04 15:04:41,789 [WARN] DbFile:41 - Overriding database path with different value: C:\Users\user\.stmcufinder\plugins\mcufinder/ => C:\Users\user\.stmcufinder\plugins\mcufinder
2024-12-04 15:04:41,789 [INFO] CrossReferenceDbSqlite:203 - Set database path to: C:\Users\user\.stmcufinder\plugins\mcufinder//mcu/cs/
2024-12-04 15:04:41,797 [INFO] ApplicationProperties:184 - Using Application install path: C:\ST\STM32CubeIDE_1.16.1\STM32CubeIDE\plugins\com.st.stm32cube.common.mx_6.13.0.202411220809
2024-12-04 15:04:41,798 [INFO] PluginManage:196 - Search for loadable plugins [exclusion list=, ]
2024-12-04 15:04:41,799 [INFO] PluginManage:310 - Check plugin analytics
2024-12-04 15:04:41,903 [INFO] AnalyticsPlugin:253 - Accepted Software Licenses: STM32CubeMX.6.12.1,STM32CubeMX.6.12.0
2024-12-04 15:04:41,903 [INFO] AnalyticsPlugin:255 - Accepted CMSIS Pack Licenses: 
2024-12-04 15:04:41,903 [INFO] AnalyticsPlugin:257 - Accepted Firmware Licenses: FW.F4.1.28.0,FW.G4.1.6.0,FW.G4.1.5.0
2024-12-04 15:04:41,905 [INFO] PluginManage:359 - Loaded plugin analytics (category:tool,tabindex:-1)
2024-12-04 15:04:41,905 [INFO] PluginManage:310 - Check plugin cadmodel
2024-12-04 15:04:41,909 [INFO] CADModel:105 - Init CAD model plugin
2024-12-04 15:04:41,909 [INFO] PluginManage:359 - Loaded plugin cadmodel (category:power,tabindex:5)
2024-12-04 15:04:41,909 [INFO] PluginManage:310 - Check plugin clock
2024-12-04 15:04:41,916 [INFO] PluginManage:359 - Loaded plugin clock (category:base,tabindex:2)
2024-12-04 15:04:41,916 [INFO] PluginManage:310 - Check plugin ddr
2024-12-04 15:04:41,918 [INFO] PluginManage:359 - Loaded plugin ddr (category:tool,tabindex:6)
2024-12-04 15:04:41,919 [INFO] PluginManage:310 - Check plugin filemanager
2024-12-04 15:04:42,002 [INFO] PluginManage:359 - Loaded plugin filemanager (category:base,tabindex:10)
2024-12-04 15:04:42,002 [INFO] PluginManage:310 - Check plugin ipmanager
2024-12-04 15:04:42,005 [INFO] PluginManage:359 - Loaded plugin ipmanager (category:base,tabindex:5)
2024-12-04 15:04:42,006 [INFO] PluginManage:310 - Check plugin lpbam
2024-12-04 15:04:42,010 [INFO] PluginManage:359 - Loaded plugin lpbam (category:base,tabindex:0)
2024-12-04 15:04:42,010 [INFO] PluginManage:310 - Check plugin memorymap
2024-12-04 15:04:42,016 [INFO] PluginManage:359 - Loaded plugin memorymap (category:base,tabindex:4)
2024-12-04 15:04:42,016 [INFO] PluginManage:310 - Check plugin pinoutandconfiguration
2024-12-04 15:04:42,023 [INFO] PluginManage:359 - Loaded plugin pinoutandconfiguration (category:base,tabindex:1)
2024-12-04 15:04:42,023 [INFO] PluginManage:310 - Check plugin pinoutconfig
2024-12-04 15:04:42,085 [WARN] SupportedApi:132 - Cannot load RTOS API schema: s4s-elt-must-match.1: The content of 'definitions' must match (annotation?, (simpleType | complexType)?, (unique | key | keyref)*)). A problem was found starting at: attribute.
2024-12-04 15:04:42,144 [INFO] PluginManage:359 - Loaded plugin pinoutconfig (category:base,tabindex:0)
2024-12-04 15:04:42,144 [INFO] PluginManage:310 - Check plugin power
2024-12-04 15:04:42,147 [INFO] PluginManage:359 - Loaded plugin power (category:power,tabindex:4)
2024-12-04 15:04:42,148 [INFO] PluginManage:310 - Check plugin projectmanager
2024-12-04 15:04:42,156 [INFO] PluginManage:359 - Loaded plugin projectmanager (category:projectmanager,tabindex:4)
2024-12-04 15:04:42,156 [INFO] PluginManage:310 - Check plugin rif
2024-12-04 15:04:42,162 [INFO] PluginManage:359 - Loaded plugin rif (category:base,tabindex:3)
2024-12-04 15:04:42,162 [INFO] PluginManage:310 - Check plugin thirdparty
2024-12-04 15:04:42,231 [WARN] IntegrityCheckThread:84 - waiting for thirdparty lock release [integrity check]
2024-12-04 15:04:42,231 [INFO] IntegrityCheckThread:86 - entering critical section [integrity check]
2024-12-04 15:04:42,232 [INFO] ThirdPartyUpdaterWithRetryManager:70 - Updater plugin not ready yet. [1/15]
2024-12-04 15:04:42,232 [INFO] PluginManage:359 - Loaded plugin thirdparty (category:base,tabindex:-1)
2024-12-04 15:04:42,232 [INFO] PluginManage:310 - Check plugin tools
2024-12-04 15:04:42,234 [INFO] PluginManage:359 - Loaded plugin tools (category:base,tabindex:7)
2024-12-04 15:04:42,234 [INFO] PluginManage:310 - Check plugin tutovideos
2024-12-04 15:04:42,306 [INFO] PluginManage:359 - Loaded plugin tutovideos (category:base,tabindex:-1)
2024-12-04 15:04:42,307 [INFO] PluginManage:310 - Check plugin updater
2024-12-04 15:04:42,317 [INFO] PluginManage:359 - Loaded plugin updater (category:base,tabindex:12)
2024-12-04 15:04:42,318 [INFO] PluginManage:310 - Check plugin userauth
2024-12-04 15:04:42,319 [INFO] UserAuth:118 - Init User Auth plugin
2024-12-04 15:04:42,320 [INFO] PluginManage:359 - Loaded plugin userauth (category:base,tabindex:14)
2024-12-04 15:04:42,320 [INFO] PluginManage:283 - PluginManage : Loaded plugins [18]
2024-12-04 15:04:42,409 [INFO] PinOutPanel:1589 - setPackage(No Configuration,No Configuration)
2024-12-04 15:04:42,448 [INFO] CADModel:165 - CPN selected for project level
2024-12-04 15:04:42,449 [INFO] CADModel:114 - Register for checkConnection events
2024-12-04 15:04:42,456 [INFO] IPUIPlugin:80 - create IPUIPlugin
2024-12-04 15:04:42,456 [INFO] PluginManager:220 - loadIPPluginJar : add adc
2024-12-04 15:04:42,457 [INFO] IPUIPlugin:80 - create IPUIPlugin
2024-12-04 15:04:42,457 [INFO] PluginManager:220 - loadIPPluginJar : add aes
2024-12-04 15:04:42,458 [INFO] IPUIPlugin:80 - create IPUIPlugin
2024-12-04 15:04:42,458 [INFO] PluginManager:220 - loadIPPluginJar : add can
2024-12-04 15:04:42,459 [INFO] IPUIPlugin:80 - create IPUIPlugin
2024-12-04 15:04:42,459 [INFO] PluginManager:220 - loadIPPluginJar : add comp
2024-12-04 15:04:42,460 [INFO] IPUIPlugin:80 - create IPUIPlugin
2024-12-04 15:04:42,460 [INFO] PluginManager:220 - loadIPPluginJar : add cryp
2024-12-04 15:04:42,461 [INFO] IPUIPlugin:80 - create IPUIPlugin
2024-12-04 15:04:42,461 [INFO] PluginManager:220 - loadIPPluginJar : add ddr_ctrl_phy
2024-12-04 15:04:42,462 [INFO] IPUIPlugin:80 - create IPUIPlugin
2024-12-04 15:04:42,462 [INFO] PluginManager:220 - loadIPPluginJar : add dfsdm
2024-12-04 15:04:42,465 [INFO] IPUIPlugin:80 - create IPUIPlugin
2024-12-04 15:04:42,465 [INFO] PluginManager:220 - loadIPPluginJar : add dma
2024-12-04 15:04:42,466 [INFO] IPUIPlugin:80 - create IPUIPlugin
2024-12-04 15:04:42,466 [INFO] PluginManager:220 - loadIPPluginJar : add dma3
2024-12-04 15:04:42,467 [INFO] IPUIPlugin:80 - create IPUIPlugin
2024-12-04 15:04:42,467 [INFO] PluginManager:220 - loadIPPluginJar : add extmemmanager
2024-12-04 15:04:42,468 [INFO] IPUIPlugin:80 - create IPUIPlugin
2024-12-04 15:04:42,468 [INFO] PluginManager:220 - loadIPPluginJar : add fatfs
2024-12-04 15:04:42,469 [INFO] IPUIPlugin:80 - create IPUIPlugin
2024-12-04 15:04:42,469 [INFO] PluginManager:220 - loadIPPluginJar : add fmc
2024-12-04 15:04:42,473 [INFO] IPUIPlugin:80 - create IPUIPlugin
2024-12-04 15:04:42,473 [INFO] PluginManager:220 - loadIPPluginJar : add freertos
2024-12-04 15:04:42,473 [INFO] IPUIPlugin:80 - create IPUIPlugin
2024-12-04 15:04:42,473 [INFO] PluginManager:220 - loadIPPluginJar : add genericplugin
2024-12-04 15:04:42,474 [INFO] IPUIPlugin:80 - create IPUIPlugin
2024-12-04 15:04:42,474 [INFO] PluginManager:220 - loadIPPluginJar : add gfxmmu
2024-12-04 15:04:42,476 [INFO] IPUIPlugin:80 - create IPUIPlugin
2024-12-04 15:04:42,476 [INFO] PluginManager:220 - loadIPPluginJar : add gic
2024-12-04 15:04:42,478 [INFO] IPUIPlugin:80 - create IPUIPlugin
2024-12-04 15:04:42,478 [INFO] PluginManager:220 - loadIPPluginJar : add gpio
2024-12-04 15:04:42,479 [INFO] IPUIPlugin:80 - create IPUIPlugin
2024-12-04 15:04:42,479 [INFO] PluginManager:220 - loadIPPluginJar : add gtzc
2024-12-04 15:04:42,480 [INFO] IPUIPlugin:80 - create IPUIPlugin
2024-12-04 15:04:42,480 [INFO] PluginManager:220 - loadIPPluginJar : add hash
2024-12-04 15:04:42,481 [INFO] IPUIPlugin:80 - create IPUIPlugin
2024-12-04 15:04:42,481 [INFO] PluginManager:220 - loadIPPluginJar : add i2c
2024-12-04 15:04:42,482 [INFO] IPUIPlugin:80 - create IPUIPlugin
2024-12-04 15:04:42,482 [INFO] PluginManager:220 - loadIPPluginJar : add i2s
2024-12-04 15:04:42,484 [INFO] IPUIPlugin:80 - create IPUIPlugin
2024-12-04 15:04:42,484 [INFO] PluginManager:220 - loadIPPluginJar : add i3c
2024-12-04 15:04:42,486 [INFO] IPUIPlugin:80 - create IPUIPlugin
2024-12-04 15:04:42,486 [INFO] PluginManager:220 - loadIPPluginJar : add ipddr
2024-12-04 15:04:42,489 [INFO] IPUIPlugin:80 - create IPUIPlugin
2024-12-04 15:04:42,489 [INFO] PluginManager:220 - loadIPPluginJar : add linkedlist
2024-12-04 15:04:42,491 [INFO] IPUIPlugin:80 - create IPUIPlugin
2024-12-04 15:04:42,491 [INFO] PluginManager:220 - loadIPPluginJar : add lorawan
2024-12-04 15:04:42,491 [INFO] IPUIPlugin:80 - create IPUIPlugin
2024-12-04 15:04:42,491 [INFO] PluginManager:220 - loadIPPluginJar : add ltdc
2024-12-04 15:04:42,494 [INFO] IPUIPlugin:80 - create IPUIPlugin
2024-12-04 15:04:42,494 [INFO] PluginManager:220 - loadIPPluginJar : add mdma
2024-12-04 15:04:42,495 [INFO] IPUIPlugin:80 - create IPUIPlugin
2024-12-04 15:04:42,495 [INFO] PluginManager:220 - loadIPPluginJar : add nvic
2024-12-04 15:04:42,497 [INFO] IPUIPlugin:80 - create IPUIPlugin
2024-12-04 15:04:42,497 [INFO] PluginManager:220 - loadIPPluginJar : add opamp
2024-12-04 15:04:42,498 [INFO] IPUIPlugin:80 - create IPUIPlugin
2024-12-04 15:04:42,498 [INFO] PluginManager:220 - loadIPPluginJar : add openamp
2024-12-04 15:04:42,499 [INFO] IPUIPlugin:80 - create IPUIPlugin
2024-12-04 15:04:42,499 [INFO] PluginManager:220 - loadIPPluginJar : add pdm2pcm
2024-12-04 15:04:42,501 [INFO] IPUIPlugin:80 - create IPUIPlugin
2024-12-04 15:04:42,503 [INFO] PluginManager:220 - loadIPPluginJar : add plateformsettings
2024-12-04 15:04:42,503 [INFO] IPUIPlugin:80 - create IPUIPlugin
2024-12-04 15:04:42,503 [INFO] PluginManager:220 - loadIPPluginJar : add quadspi
2024-12-04 15:04:42,504 [INFO] IPUIPlugin:80 - create IPUIPlugin
2024-12-04 15:04:42,504 [INFO] PluginManager:220 - loadIPPluginJar : add radio
2024-12-04 15:04:42,505 [INFO] IPUIPlugin:80 - create IPUIPlugin
2024-12-04 15:04:42,505 [INFO] PluginManager:220 - loadIPPluginJar : add resmgrutility
2024-12-04 15:04:42,507 [INFO] IPUIPlugin:80 - create IPUIPlugin
2024-12-04 15:04:42,507 [INFO] PluginManager:220 - loadIPPluginJar : add sai
2024-12-04 15:04:42,508 [INFO] IPUIPlugin:80 - create IPUIPlugin
2024-12-04 15:04:42,508 [INFO] PluginManager:220 - loadIPPluginJar : add spi
2024-12-04 15:04:42,510 [INFO] IPUIPlugin:80 - create IPUIPlugin
2024-12-04 15:04:42,510 [INFO] PluginManager:220 - loadIPPluginJar : add stm32_wpan
2024-12-04 15:04:42,511 [INFO] IPUIPlugin:80 - create IPUIPlugin
2024-12-04 15:04:42,511 [INFO] PluginManager:220 - loadIPPluginJar : add tim
2024-12-04 15:04:42,512 [INFO] IPUIPlugin:80 - create IPUIPlugin
2024-12-04 15:04:42,512 [INFO] PluginManager:220 - loadIPPluginJar : add touchsensing
2024-12-04 15:04:42,513 [INFO] IPUIPlugin:80 - create IPUIPlugin
2024-12-04 15:04:42,513 [INFO] PluginManager:220 - loadIPPluginJar : add tracer_emb
2024-12-04 15:04:42,513 [INFO] IPUIPlugin:80 - create IPUIPlugin
2024-12-04 15:04:42,513 [INFO] PluginManager:220 - loadIPPluginJar : add ts
2024-12-04 15:04:42,514 [INFO] IPUIPlugin:80 - create IPUIPlugin
2024-12-04 15:04:42,514 [INFO] PluginManager:220 - loadIPPluginJar : add tsc
2024-12-04 15:04:42,515 [INFO] IPUIPlugin:80 - create IPUIPlugin
2024-12-04 15:04:42,515 [INFO] PluginManager:220 - loadIPPluginJar : add ucpd
2024-12-04 15:04:42,516 [INFO] IPUIPlugin:80 - create IPUIPlugin
2024-12-04 15:04:42,517 [INFO] PluginManager:220 - loadIPPluginJar : add usart
2024-12-04 15:04:42,518 [INFO] IPUIPlugin:80 - create IPUIPlugin
2024-12-04 15:04:42,518 [INFO] PluginManager:220 - loadIPPluginJar : add usbx
2024-12-04 15:04:42,614 [FATAL] Updater:351 - Updater called before beeing initialized
2024-12-04 15:04:42,626 [INFO] RulesReader:64 - Compatibility file has been processed (297 Rules)
2024-12-04 15:04:42,631 [INFO] RulesReader:64 - Compatibility file has been processed (297 Rules)
2024-12-04 15:04:42,637 [INFO] CADModel:165 - CPN selected for project level
2024-12-04 15:04:42,637 [INFO] CADModel:114 - Register for checkConnection events
2024-12-04 15:04:42,637 [FATAL] Updater:351 - Updater called before beeing initialized
2024-12-04 15:04:42,638 [ERROR] CADModel:125 - Updater not yet initialized, retry later 
2024-12-04 15:04:42,711 [FATAL] Updater:351 - Updater called before beeing initialized
2024-12-04 15:04:42,712 [INFO] CADModel:165 - CPN selected for project level
2024-12-04 15:04:42,712 [INFO] CADModel:114 - Register for checkConnection events
2024-12-04 15:04:42,712 [FATAL] Updater:351 - Updater called before beeing initialized
2024-12-04 15:04:42,712 [ERROR] CADModel:125 - Updater not yet initialized, retry later 
2024-12-04 15:04:42,713 [FATAL] Updater:351 - Updater called before beeing initialized
2024-12-04 15:04:42,771 [FATAL] Updater:351 - Updater called before beeing initialized
2024-12-04 15:04:42,776 [INFO] DbMcusAds:53 - JSON generation date=Fri Sep 20 22:04:23 KST 2024 (1726837463113)
2024-12-04 15:04:42,776 [FATAL] Updater:351 - Updater called before beeing initialized
2024-12-04 15:04:42,792 [WARN] DetailPanel:346 - Failed to get advertising image, set to default
2024-12-04 15:04:42,903 [FATAL] Updater:351 - Updater called before beeing initialized
2024-12-04 15:04:42,903 [FATAL] Updater:351 - Updater called before beeing initialized
2024-12-04 15:04:42,904 [FATAL] Updater:351 - Updater called before beeing initialized
2024-12-04 15:04:42,904 [WARN] DetailPanel:346 - Failed to get advertising image, set to default
2024-12-04 15:04:42,904 [FATAL] Updater:351 - Updater called before beeing initialized
2024-12-04 15:04:42,926 [ERROR] Updater:1198 - MainUpdater not yet initialized. External WinMGr cannot be set.
2024-12-04 15:04:42,927 [INFO] Updater:1134 - Updater Version found : 6.13.0
2024-12-04 15:04:42,935 [INFO] ApplicationProperties:184 - Using Application install path: C:\ST\STM32CubeIDE_1.16.1\STM32CubeIDE\plugins\com.st.stm32cube.common.mx_6.13.0.202411220809
2024-12-04 15:04:43,238 [INFO] MainUpdater:2872 - connection check result : 10
2024-12-04 15:04:43,239 [INFO] MainUpdater:289 - Updater Check For Update Now.
2024-12-04 15:04:43,239 [INFO] MicroXplorer:498 - Change Database Version : DB.6.0.130
2024-12-04 15:04:43,242 [INFO] McuFinderGlobals:63 - Set McuFinder mode to 2 (CubeIDE integrated)
2024-12-04 15:04:43,242 [INFO] UserAuth:486 - Internet connection configuration mode: 1
2024-12-04 15:04:43,252 [INFO] JxBrowserEngine:152 - Initiate JxBrowser Engine with user profile folder
2024-12-04 15:04:43,380 [INFO] CheckServerUpdateThread:120 - End of CheckServer Thread
2024-12-04 15:04:43,536 [INFO] WebApp:168 - Instantiating new browser for Auth
2024-12-04 15:04:43,832 [INFO] WebApp:449 - Apply proxy settings
2024-12-04 15:04:43,832 [INFO] WebApp:534 - Chromium requires no authentication
2024-12-04 15:04:43,836 [INFO] WebApp:477 - Direct internet connection detected
2024-12-04 15:04:43,844 [INFO] WebApp:880 - Register for checkConnection events
2024-12-04 15:04:43,844 [INFO] WebApp:449 - Apply proxy settings
2024-12-04 15:04:43,844 [INFO] WebApp:534 - Chromium requires no authentication
2024-12-04 15:04:43,844 [INFO] WebApp:477 - Direct internet connection detected
2024-12-04 15:04:43,911 [INFO] WebApp:221 - Starting web application
2024-12-04 15:04:43,911 [INFO] WebApp:579 - Web application path used C:\ST\STM32CubeIDE_1.16.1\STM32CubeIDE\plugins\com.st.stm32cube.common.mx_6.13.0.202411220809\db\plugins\mcufinder\reactClient1\index.html
2024-12-04 15:04:43,947 [INFO] UserAuth:486 - Internet connection configuration mode: 1
2024-12-04 15:04:43,982 [ERROR] LogOutputStream:75 - [STDERR_REDIRECT] [Fatal Error] :1:1: Premature end of file.
2024-12-04 15:04:43,983 [ERROR] LogOutputStream:75 - [STDERR_REDIRECT] 
2024-12-04 15:04:44,302 [INFO] WebApp:187 - Connection restablished
2024-12-04 15:04:44,976 [ERROR] LogOutputStream:75 - [STDERR_REDIRECT] [Fatal Error] :1:1: Premature end of file.
2024-12-04 15:04:44,976 [ERROR] LogOutputStream:75 - [STDERR_REDIRECT] 
2024-12-04 15:04:45,288 [WARN] PackLoader:240 - Cannot read IP mode file for STMicroelectronics.FP-SNS-MOTENVWB1.1.4.0
2024-12-04 15:04:45,294 [WARN] PackLoader:240 - Cannot read IP mode file for STMicroelectronics.X-CUBE-SMBUS.2.1.0
2024-12-04 15:04:45,308 [WARN] PackLoader:240 - Cannot read IP mode file for STMicroelectronics.X-CUBE-AZRTOS-F7.1.1.0
2024-12-04 15:04:45,312 [WARN] PackLoader:240 - Cannot read IP mode file for STMicroelectronics.FP-SNS-FLIGHT1.5.0.2
2024-12-04 15:04:45,317 [WARN] PackLoader:240 - Cannot read IP mode file for STMicroelectronics.X-CUBE-DISPLAY.3.0.0
2024-12-04 15:04:45,327 [WARN] PackLoader:240 - Cannot read IP mode file for STMicroelectronics.X-CUBE-BLE1.7.0.0
2024-12-04 15:04:45,332 [WARN] PackLoader:240 - Cannot read IP mode file for STMicroelectronics.X-CUBE-BLEMGR.3.1.0
2024-12-04 15:04:45,336 [WARN] PackLoader:240 - Cannot read IP mode file for STMicroelectronics.FP-SNS-SMARTAG2.1.2.0
2024-12-04 15:04:45,341 [INFO] LogOutputStream:77 - [STDOUT_REDIRECT] 1 : Invalid condition id : UX_CORESTACK_Condition cause : null
2024-12-04 15:04:45,342 [INFO] LogOutputStream:77 - [STDOUT_REDIRECT] 1 : Invalid condition id : UX_CORESTACK_Condition cause : null
2024-12-04 15:04:45,342 [INFO] LogOutputStream:77 - [STDOUT_REDIRECT] 1 : Invalid condition id : UX_CORESTACK_Condition cause : null
2024-12-04 15:04:45,343 [INFO] LogOutputStream:77 - [STDOUT_REDIRECT] 1 : Invalid condition id : UX_CORESTACK_Condition cause : null
2024-12-04 15:04:45,344 [INFO] LogOutputStream:77 - [STDOUT_REDIRECT] 1 : Invalid condition id : UX_CORESTACK_Condition cause : null
2024-12-04 15:04:45,346 [WARN] PackLoader:240 - Cannot read IP mode file for STMicroelectronics.X-CUBE-AZRTOS-WL.2.0.0
2024-12-04 15:04:45,349 [WARN] PackLoader:240 - Cannot read IP mode file for STMicroelectronics.FP-SNS-MOTENV1.5.0.0
2024-12-04 15:04:45,351 [WARN] PackLoader:240 - Cannot read IP mode file for wolfSSL.I-CUBE-wolfMQTT.1.19.0
2024-12-04 15:04:45,353 [WARN] PackLoader:240 - Cannot read IP mode file for STMicroelectronics.X-CUBE-BLE2.3.3.0
2024-12-04 15:04:45,355 [WARN] PackLoader:240 - Cannot read IP mode file for STMicroelectronics.X-CUBE-TCPP.4.1.0
2024-12-04 15:04:45,362 [WARN] PackLoader:240 - Cannot read IP mode file for STMicroelectronics.X-CUBE-AZRTOS-G0.1.1.0
2024-12-04 15:04:45,370 [WARN] PackLoader:240 - Cannot read IP mode file for STMicroelectronics.X-CUBE-SAFEA1.1.2.2
2024-12-04 15:04:45,373 [WARN] PackLoader:240 - Cannot read IP mode file for STMicroelectronics.X-CUBE-NFC4.3.0.0
2024-12-04 15:04:45,375 [WARN] PackLoader:240 - Cannot read IP mode file for STMicroelectronics.FP-ATR-SIGFOX1.3.2.0
2024-12-04 15:04:45,378 [WARN] PackLoader:240 - Cannot read IP mode file for STMicroelectronics.X-CUBE-EEPRMA1.5.1.0
2024-12-04 15:04:45,393 [WARN] PackLoader:240 - Cannot read IP mode file for SEGGER.I-CUBE-embOS.1.3.1
2024-12-04 15:04:45,408 [WARN] PackLoader:240 - Cannot read IP mode file for STMicroelectronics.X-CUBE-ALGOBUILD.1.4.0
2024-12-04 15:04:45,414 [WARN] PackLoader:240 - Cannot read IP mode file for STMicroelectronics.X-CUBE-AZRTOS-F4.1.1.0
2024-12-04 15:04:45,417 [WARN] PackLoader:240 - Cannot read IP mode file for STMicroelectronics.X-CUBE-FREERTOS.1.2.0
2024-12-04 15:04:45,422 [WARN] PackLoader:240 - Cannot read IP mode file for STMicroelectronics.X-CUBE-AZRTOS-L5.2.0.0
2024-12-04 15:04:45,426 [WARN] PackLoader:240 - Cannot read IP mode file for STMicroelectronics.X-CUBE-NFC6.3.1.0
2024-12-04 15:04:45,429 [WARN] PackLoader:240 - Cannot read IP mode file for STMicroelectronics.X-CUBE-NFC7.1.0.1
2024-12-04 15:04:45,435 [WARN] ConditionMgr:438 - getConditionDescription Invalid condition id : LAN8742 Phy interface Condition cause : null
2024-12-04 15:04:45,436 [WARN] PackLoader:240 - Cannot read IP mode file for STMicroelectronics.X-CUBE-AZRTOS-L4.2.0.0
2024-12-04 15:04:45,436 [WARN] ConditionMgr:1044 - genDependencies : Invalid condition id : LAN8742 Phy interface Condition cause : null
2024-12-04 15:04:45,436 [WARN] ConditionMgr:1044 - genDependencies : Invalid condition id : LAN8742 Phy interface Condition cause : null
2024-12-04 15:04:45,437 [WARN] ConditionMgr:1044 - genDependencies : Invalid condition id : LAN8742 Phy interface Condition cause : null
2024-12-04 15:04:45,439 [WARN] PackLoader:240 - Cannot read IP mode file for STMicroelectronics.X-CUBE-SFXS2LP1.4.0.0
2024-12-04 15:04:45,444 [WARN] ConditionMgr:438 - getConditionDescription Invalid condition id : UX DEVICE CLASS RTOS Condition cause : null
2024-12-04 15:04:45,444 [WARN] ConditionMgr:438 - getConditionDescription Invalid condition id : UX DEVICE CLASS RTOS Condition cause : null
2024-12-04 15:04:45,445 [WARN] PackLoader:240 - Cannot read IP mode file for STMicroelectronics.X-CUBE-AZRTOS-WB.2.0.0
2024-12-04 15:04:45,445 [WARN] ConditionMgr:1044 - genDependencies : Invalid condition id : UX DEVICE CLASS RTOS Condition cause : null
2024-12-04 15:04:45,445 [WARN] ConditionMgr:1044 - genDependencies : Invalid condition id : UX DEVICE CLASS RTOS Condition cause : null
2024-12-04 15:04:45,445 [WARN] ConditionMgr:1044 - genDependencies : Invalid condition id : UX DEVICE CLASS RTOS Condition cause : null
2024-12-04 15:04:45,445 [WARN] ConditionMgr:1044 - genDependencies : Invalid condition id : UX DEVICE CLASS RTOS Condition cause : null
2024-12-04 15:04:45,445 [WARN] ConditionMgr:1044 - genDependencies : Invalid condition id : UX DEVICE CLASS RTOS Condition cause : null
2024-12-04 15:04:45,449 [WARN] PackLoader:240 - Cannot read IP mode file for STMicroelectronics.X-CUBE-SUBG2.5.0.0
2024-12-04 15:04:45,456 [WARN] PackLoader:240 - Cannot read IP mode file for STMicroelectronics.X-CUBE-AZRTOS-G4.2.0.0
2024-12-04 15:04:45,462 [WARN] PackLoader:240 - Cannot read IP mode file for STMicroelectronics.X-CUBE-ALS.1.0.2
2024-12-04 15:04:45,467 [WARN] PackLoader:240 - Cannot read IP mode file for portGmbH.I-Cube-SoM-uGOAL.1.1.0
2024-12-04 15:04:45,487 [WARN] PackLoader:240 - Cannot read IP mode file for STMicroelectronics.X-CUBE-AZRTOS-H7RS.1.0.0
2024-12-04 15:04:45,490 [INFO] ThirdParty:978 - Integrity check success = true
2024-12-04 15:04:45,490 [INFO] IntegrityCheckThread:100 - exiting critical section [integrity check]
2024-12-04 15:04:45,490 [INFO] IntegrityCheckThread:103 - End integrity checks thread
2024-12-04 15:04:45,976 [ERROR] LogOutputStream:75 - [STDERR_REDIRECT] [Fatal Error] :1:1: Premature end of file.
2024-12-04 15:04:45,976 [ERROR] LogOutputStream:75 - [STDERR_REDIRECT] 
2024-12-04 15:04:46,980 [ERROR] LogOutputStream:75 - [STDERR_REDIRECT] [Fatal Error] :1:1: Premature end of file.
2024-12-04 15:04:46,980 [ERROR] LogOutputStream:75 - [STDERR_REDIRECT] 
2024-12-04 15:04:47,980 [ERROR] LogOutputStream:75 - [STDERR_REDIRECT] [Fatal Error] :1:1: Premature end of file.
2024-12-04 15:04:47,980 [ERROR] LogOutputStream:75 - [STDERR_REDIRECT] 
2024-12-04 15:04:48,230 [ERROR] LogOutputStream:75 - [STDERR_REDIRECT] 
